



info [Thu Dec 03 2020 12:42:54 GMT+0530 (India Standard Time)]  user added.. {
  _id: 5fc88ff6c465992a58c513e8,
  name: 'Winston',
  email: 'winston@123gmail.com',
  gender: 'male',
  phone: '9900296704',
  Employee_code: 'MNG001',
  userType: 'superadmin',
  username: 'roywin',
  password: '4894b807b6e1155e7f0b212de702e8f5bcad0eac',
  profilePic: 'vtu_pic_50.jpg',
  createdAt: 2020-12-03T07:12:54.032Z,
  updatedAt: 2020-12-03T07:12:54.032Z,
  __v: 0
}
info [Thu Dec 03 2020 12:43:30 GMT+0530 (India Standard Time)]  user added.. {
  _id: 5fc8901ac465992a58c513e9,
  name: 'Winston',
  email: 'winston@123gmail.com',
  gender: 'male',
  phone: '9900296704',
  Employee_code: 'MNG001',
  userType: 'superadmin',
  username: 'roywin',
  password: '4894b807b6e1155e7f0b212de702e8f5bcad0eac',
  profilePic: 'vtu_pic_50.jpg',
  createdAt: 2020-12-03T07:13:30.729Z,
  updatedAt: 2020-12-03T07:13:30.729Z,
  __v: 0
}

info [Thu Dec 03 2020 12:50:00 GMT+0530 (India Standard Time)]  user added.. {
  _id: 5fc891a05994892bd5800608,
  name: 'Winston',
  email: 'winston@123gmail.com',
  gender: 'male',
  phone: '9900296704',
  Employee_code: 'MNG001',
  userType: 'superadmin',
  username: 'roywin',
  password: '4894b807b6e1155e7f0b212de702e8f5bcad0eac',
  profilePic: 'vtu_pic_50.jpg',
  createdAt: 2020-12-03T07:20:00.630Z,
  updatedAt: 2020-12-03T07:20:00.630Z,
  __v: 0
}
info [Thu Dec 03 2020 12:51:57 GMT+0530 (India Standard Time)]  user added.. {
  _id: 5fc892155994892bd5800609,
  name: 'Winston',
  email: 'winston@123gmail.com',
  gender: 'male',
  phone: '9900296704',
  Employee_code: 'MNG001',
  userType: 'superadmin',
  username: 'roywin',
  password: '4894b807b6e1155e7f0b212de702e8f5bcad0eac',
  createdAt: 2020-12-03T07:21:57.500Z,
  updatedAt: 2020-12-03T07:21:57.500Z,
  __v: 0
}
info [Thu Dec 03 2020 12:52:26 GMT+0530 (India Standard Time)]  user added.. {
  _id: 5fc892325994892bd580060a,
  name: 'Winston',
  email: 'winston@123gmail.com',
  gender: 'male',
  phone: '9900296704',
  Employee_code: 'MNG001',
  userType: 'superadmin',
  username: 'roywin',
  password: '4894b807b6e1155e7f0b212de702e8f5bcad0eac',
  profilePic: 'winston.jpg',
  createdAt: 2020-12-03T07:22:26.432Z,
  updatedAt: 2020-12-03T07:22:26.432Z,
  __v: 0
}

info [Thu Dec 03 2020 13:01:12 GMT+0530 (India Standard Time)]  *********
info [Thu Dec 03 2020 13:01:12 GMT+0530 (India Standard Time)]  ----data [ { _id: null, count: 1 } ]
info [Thu Dec 03 2020 13:01:39 GMT+0530 (India Standard Time)]  *********
info [Thu Dec 03 2020 13:01:39 GMT+0530 (India Standard Time)]  ----data [ { _id: null, count: 1 } ]
info [Thu Dec 03 2020 13:02:22 GMT+0530 (India Standard Time)]  user added.. {
  _id: 5fc894863f64912d63f713ba,
  name: 'Winston roy pasahn',
  email: 'winston12@123gmail.com',
  gender: 'male',
  phone: '9900296705',
  Employee_code: 'MNG001',
  userType: 'superadmin',
  username: 'roywin',
  password: '4894b807b6e1155e7f0b212de702e8f5bcad0eac',
  profilePic: 'winston.jpg',
  createdAt: 2020-12-03T07:32:22.702Z,
  updatedAt: 2020-12-03T07:32:22.702Z,
  __v: 0
}
info [Thu Dec 03 2020 13:03:03 GMT+0530 (India Standard Time)]  *********
info [Thu Dec 03 2020 13:03:03 GMT+0530 (India Standard Time)]  ----data [ { _id: null, count: 1 } ]




info [Thu Dec 03 2020 15:01:09 GMT+0530 (India Standard Time)]  ----data [ { _id: null, count: 1 } ]

info [Thu Dec 03 2020 15:01:38 GMT+0530 (India Standard Time)]  ----data [ { _id: 'Winston roy', count: 1 } ]


info [Thu Dec 03 2020 15:24:59 GMT+0530 (India Standard Time)]  user logged in .. {
  _id: 5fc892325994892bd580060a,
  name: 'Winston roy',
  email: 'winston@123gmail.com',
  gender: 'male',
  phone: '9900296704',
  Employee_code: 'MNG001',
  userType: 'superadmin',
  username: 'roywin',
  password: '4894b807b6e1155e7f0b212de702e8f5bcad0eac',
  profilePic: 'winston.jpg',
  createdAt: 2020-12-03T07:22:26.432Z,
  updatedAt: 2020-12-03T07:54:26.806Z,
  token: '05f0e187-5e03-429a-8f3c-9fdc3e0c922f',
  tokenExpiry: 2020-12-03T08:54:26.805Z
}

info [Thu Dec 03 2020 15:28:05 GMT+0530 (India Standard Time)]  user logged in .. null
info [Thu Dec 03 2020 15:28:13 GMT+0530 (India Standard Time)]  user logged in .. {
  _id: 5fc892325994892bd580060a,
  name: 'Winston roy',
  email: 'winston@123gmail.com',
  gender: 'male',
  phone: '9900296704',
  Employee_code: 'MNG001',
  userType: 'superadmin',
  username: 'roywin',
  password: '1ff2cb556c2c28839bba90a5e7bf7bda9f0081ca',
  profilePic: 'winston.jpg',
  createdAt: 2020-12-03T07:22:26.432Z,
  updatedAt: 2020-12-03T09:57:57.597Z,
  token: 'e6ecd118-3ee8-4b1a-b1e6-7a03a5adbc3b',
  tokenExpiry: 2020-12-03T10:54:59.257Z
}







info [Fri Dec 04 2020 15:48:57 GMT+0530 (India Standard Time)]  ----data []
info [Fri Dec 04 2020 15:49:06 GMT+0530 (India Standard Time)]  user added.. {
  _id: 5fca0d1ab5ba2f40750c0090,
  name: 'Winston roy pasahn',
  email: 'winston12@123gmail.com',
  gender: 'male',
  phone: '9900296705',
  Employee_code: 'MNG001',
  userType: 'superadmin',
  username: 'roywin',
  password: '4894b807b6e1155e7f0b212de702e8f5bcad0eac',
  profilePic: 'END-USER.xlsx',
  createdAt: 2020-12-04T10:19:06.894Z,
  updatedAt: 2020-12-04T10:19:06.894Z,
  __v: 0
}
info [Fri Dec 04 2020 15:50:31 GMT+0530 (India Standard Time)]  user added.. {
  _id: 5fca0d6fb5ba2f40750c0091,
  name: 'Winston roy pasahn',
  email: 'winston12@123gmail.com',
  gender: 'male',
  phone: '9900296705',
  Employee_code: 'MNG001',
  userType: 'superadmin',
  username: 'roywin',
  password: '4894b807b6e1155e7f0b212de702e8f5bcad0eac',
  profilePic: 'PAN Card - Winston.pdf',
  createdAt: 2020-12-04T10:20:31.845Z,
  updatedAt: 2020-12-04T10:20:31.845Z,
  __v: 0
}





info [Fri Dec 04 2020 16:42:04 GMT+0530 (India Standard Time)]  user added.. {
  _id: 5fca19849bf2f34fdaf5811b,
  createdAt: 2020-12-04T11:12:04.632Z,
  updatedAt: 2020-12-04T11:12:04.632Z,
  __v: 0
}













info [Mon Dec 07 2020 10:47:13 GMT+0530 (India Standard Time)]  user added.. {
  _id: 5fcdbad9bc79ad225fb64dd0,
  createdAt: 2020-12-07T05:17:13.683Z,
  updatedAt: 2020-12-07T05:17:13.683Z,
  __v: 0
}


info [Mon Dec 07 2020 10:48:54 GMT+0530 (India Standard Time)]  user added.. {
  _id: 5fcdbb3e5c57cb233129e798,
  createdAt: 2020-12-07T05:18:54.678Z,
  updatedAt: 2020-12-07T05:18:54.678Z,
  __v: 0
}




info [Mon Dec 07 2020 11:01:25 GMT+0530 (India Standard Time)]  user added.. Promise { <pending> }
info [Mon Dec 07 2020 11:01:25 GMT+0530 (India Standard Time)]  user added.. Promise { <pending> }

























































































































info [Tue Dec 08 2020 13:44:22 GMT+0530 (India Standard Time)]  user logged in .. null

info [Tue Dec 08 2020 13:45:50 GMT+0530 (India Standard Time)]  user logged in .. {
  _id: 5fcf3365131bed0fcf0e7575,
  userType: 'Admin',
  IsAdmin: true,
  name: 'Winston',
  email: 'pashanwinsty1998@gmail.com',
  Employee_code: 'AD002',
  password: 'C6B85P',
  createdAt: 2020-12-08T08:03:49.658Z,
  updatedAt: 2020-12-08T08:03:49.658Z
}

info [Tue Dec 08 2020 13:49:28 GMT+0530 (India Standard Time)]  user logged in .. null
info [Tue Dec 08 2020 13:49:40 GMT+0530 (India Standard Time)]  user logged in .. null



info [Tue Dec 08 2020 13:59:21 GMT+0530 (India Standard Time)]  user logged in .. {
  _id: 5fcf3365131bed0fcf0e7575,
  userType: 'Admin',
  IsAdmin: true,
  name: 'Winston',
  email: 'pashanwinsty1998@gmail.com',
  Employee_code: 'AD002',
  password: 'bebfa51272db59813f689192241116f07a6ce49c',
  createdAt: 2020-12-08T08:03:49.658Z,
  updatedAt: 2020-12-08T08:19:15.469Z,
  token: '03b5c63c-e92c-4b0e-a26d-24410aba37ca',
  tokenExpiry: 2020-12-08T09:15:50.965Z
}
info [Tue Dec 08 2020 13:59:47 GMT+0530 (India Standard Time)]  user logged in .. {
  _id: 5fcf3940c656bf1350036fc9,
  userType: 'Admin',
  IsAdmin: true,
  name: 'Vinayaka',
  email: 'vinayakamudrai@gmail.com',
  Employee_code: 'AD001',
  password: '391cf47f38e05771f4d39ae2b1f2b6103bb5c9ef',
  createdAt: 2020-12-08T08:28:48.521Z,
  updatedAt: 2020-12-08T08:28:48.521Z
}
info [Tue Dec 08 2020 14:01:15 GMT+0530 (India Standard Time)]  user logged in .. {
  _id: 5fcf3940c656bf1350036fc9,
  userType: 'Admin',
  IsAdmin: true,
  name: 'Vinayaka',
  email: 'vinayakamudrai@gmail.com',
  Employee_code: 'AD001',
  password: 'a814a47a8837c4a11eadba837db04edacd050e56',
  createdAt: 2020-12-08T08:28:48.521Z,
  updatedAt: 2020-12-08T08:30:24.786Z,
  token: 'e24e92ea-40fc-42bf-8b47-9a9566cb7945',
  tokenExpiry: 2020-12-08T09:29:47.922Z
}









info [Tue Dec 08 2020 14:54:27 GMT+0530 (India Standard Time)]  user logged in .. null





info [Tue Dec 08 2020 14:58:40 GMT+0530 (India Standard Time)]  user logged in .. {
  _id: 5fcf4723981b2e1bbc4212b8,
  userType: 'SuperAdmin',
  IsAdmin: false,
  name: 'Kevin',
  email: 'Kevin.123@99games.in',
  Employee_code: 'SA001',
  password: '31e39712d23cd369aa46d5aa476e7bd591848d7e',
  createdAt: 2020-12-08T09:28:03.555Z,
  updatedAt: 2020-12-08T09:28:03.555Z
}
info [Tue Dec 08 2020 15:01:43 GMT+0530 (India Standard Time)]  user logged in .. {
  _id: 5fcf479e6a5cd81c15678f3e,
  userType: 'Admin',
  IsAdmin: true,
  name: 'Winston',
  email: 'pashanwinsty1998@gmail.com',
  Employee_code: 'AD002',
  password: 'cf10bead4ff55c4c6c7786372cc2244ba142edda',
  createdAt: 2020-12-08T09:30:06.139Z,
  updatedAt: 2020-12-08T09:30:06.139Z
}





















info [Tue Dec 08 2020 16:57:03 GMT+0530 (India Standard Time)]  user logged in .. null
info [Tue Dec 08 2020 17:04:58 GMT+0530 (India Standard Time)]  user logged in .. {
  _id: 5fcf4723981b2e1bbc4212b8,
  userType: 'SuperAdmin',
  IsAdmin: false,
  name: 'Kevin',
  email: 'Kevin.123@99games.in',
  Employee_code: 'SA001',
  password: '31e39712d23cd369aa46d5aa476e7bd591848d7e',
  createdAt: 2020-12-08T09:28:03.555Z,
  updatedAt: 2020-12-08T09:28:40.081Z,
  token: '70d872ae-71c2-4b59-9605-8ab98d7b5947',
  tokenExpiry: 2020-12-08T10:28:40.079Z
}

info [Tue Dec 08 2020 17:06:36 GMT+0530 (India Standard Time)]  user logged in .. {
  _id: 5fcf650bff4290340dc18f9d,
  userType: 'Admin',
  IsAdmin: true,
  name: 'Winston Roy',
  email: 'pashanwinsty1998@gmail.com',
  Employee_code: 'AD002',
  password: 'aa57a302a2a692378d6b8094403b421c3f6aedfd',
  createdAt: 2020-12-08T11:35:39.721Z,
  updatedAt: 2020-12-08T11:35:39.721Z
}





info [Wed Dec 09 2020 09:56:07 GMT+0530 (India Standard Time)]  user logged in .. {
  _id: 5fcf650bff4290340dc18f9d,
  userType: 'Admin',
  IsAdmin: true,
  name: 'Winston Roy',
  email: 'pashanwinsty1998@gmail.com',
  Employee_code: 'AD002',
  password: 'aa57a302a2a692378d6b8094403b421c3f6aedfd',
  createdAt: 2020-12-08T11:35:39.721Z,
  updatedAt: 2020-12-08T11:36:36.210Z,
  token: 'd312031a-e432-4502-af54-e329853836cb',
  tokenExpiry: 2020-12-08T12:36:36.208Z
}

info [Wed Dec 09 2020 09:57:56 GMT+0530 (India Standard Time)]  user logged out .. {
  _id: 5fcf650bff4290340dc18f9d,
  userType: 'Admin',
  IsAdmin: true,
  name: 'Winston Roy',
  email: 'pashanwinsty1998@gmail.com',
  Employee_code: 'AD002',
  password: 'aa57a302a2a692378d6b8094403b421c3f6aedfd',
  createdAt: 2020-12-08T11:35:39.721Z,
  updatedAt: 2020-12-09T04:26:07.185Z,
  token: '021f8123-0e94-4213-9b36-76b0da4a780f',
  tokenExpiry: 2020-12-09T05:26:07.184Z
}

info [Wed Dec 09 2020 09:59:20 GMT+0530 (India Standard Time)]  user logged out .. {
  _id: 5fcf650bff4290340dc18f9d,
  userType: 'Admin',
  IsAdmin: true,
  name: 'Winston Roy',
  email: 'pashanwinsty1998@gmail.com',
  Employee_code: 'AD002',
  password: 'aa57a302a2a692378d6b8094403b421c3f6aedfd',
  createdAt: 2020-12-08T11:35:39.721Z,
  updatedAt: 2020-12-09T04:26:07.185Z,
  token: '021f8123-0e94-4213-9b36-76b0da4a780f',
  tokenExpiry: 2020-12-09T05:26:07.184Z
}













































info [Wed Dec 09 2020 11:56:42 GMT+0530 (India Standard Time)]  user logged in .. {
  _id: 5fd067617b264a1711cad359,
  userType: 'SuperAdmin',
  IsAdmin: false,
  name: 'Kevin',
  email: 'Kevin.123@99games.in',
  Employee_code: 'SA001',
  password: '31e39712d23cd369aa46d5aa476e7bd591848d7e',
  createdAt: 2020-12-09T05:57:53.097Z,
  updatedAt: 2020-12-09T05:57:53.097Z
}



info [Wed Dec 09 2020 12:06:39 GMT+0530 (India Standard Time)]  user logged in .. {
  _id: 5fd06e584b311e1b51d3110c,
  userType: 'Admin',
  IsAdmin: true,
  name: 'Winston Roy',
  email: 'pashanwinsty1998@gmail.com',
  Employee_code: 'AD002',
  password: '462b70460a4ff5a3df543fe3c61f6cd8cea8df7e',
  createdAt: 2020-12-09T06:27:36.304Z,
  updatedAt: 2020-12-09T06:27:36.304Z
}






info [Wed Dec 09 2020 14:15:38 GMT+0530 (India Standard Time)]  user logged in .. {
  _id: 5fd06e584b311e1b51d3110c,
  userType: 'Admin',
  IsAdmin: true,
  name: 'Winston Roy',
  email: 'pashanwinsty1998@gmail.com',
  Employee_code: 'AD002',
  password: '462b70460a4ff5a3df543fe3c61f6cd8cea8df7e',
  createdAt: 2020-12-09T06:27:36.304Z,
  updatedAt: 2020-12-09T06:36:39.662Z,
  token: '2bcdf67a-db21-4cc6-a112-b3be4cd3afd4',
  tokenExpiry: 2020-12-09T07:36:39.661Z
}
















info [Wed Dec 09 2020 15:49:30 GMT+0530 (India Standard Time)]  user logged in .. {
  _id: 5fd06e584b311e1b51d3110c,
  userType: 'Admin',
  IsAdmin: true,
  name: 'Winston Roy',
  email: 'pashanwinsty1998@gmail.com',
  Employee_code: 'AD002',
  password: '462b70460a4ff5a3df543fe3c61f6cd8cea8df7e',
  createdAt: 2020-12-09T06:27:36.304Z,
  updatedAt: 2020-12-09T08:45:38.100Z,
  token: 'f176e293-087c-4e2d-95ae-5d38d6bcff13',
  tokenExpiry: 2020-12-09T09:45:38.099Z
}



info [Wed Dec 09 2020 18:02:50 GMT+0530 (India Standard Time)]  user logged in .. {
  _id: 5fd09b959d60894bd2cc62a9,
  userType: 'endUser',
  IsAdmin: false,
  email: 'mail2winstonroy@yahoo.com',
  name: 'Roy pashan',
  password: '906d6011c6d514b4f0912d6d0f4d8eff21a18606',
  createdAt: 2020-12-09T09:40:37.522Z,
  updatedAt: 2020-12-09T09:40:37.522Z
}


info [Wed Dec 09 2020 18:18:44 GMT+0530 (India Standard Time)]  user logged in .. {
  _id: 5fd06e584b311e1b51d3110c,
  userType: 'Admin',
  IsAdmin: true,
  name: 'Winston Roy',
  email: 'pashanwinsty1998@gmail.com',
  Employee_code: 'AD002',
  password: '462b70460a4ff5a3df543fe3c61f6cd8cea8df7e',
  createdAt: 2020-12-09T06:27:36.304Z,
  updatedAt: 2020-12-09T10:19:30.347Z,
  token: 'd87c0bd1-8673-4274-9921-ceaeabef6fb5',
  tokenExpiry: 2020-12-09T11:19:30.345Z
}











info [Wed Dec 09 2020 18:35:26 GMT+0530 (India Standard Time)]  user logged in .. null
info [Wed Dec 09 2020 18:36:40 GMT+0530 (India Standard Time)]  user logged in .. {
  _id: 5fd0cb6256887d7613a28240,
  userType: 'endUser',
  IsAdmin: false,
  email: 'mail2winstonroy@yahoo.com',
  name: 'Roy pashan',
  Employee_code: 'MNG005',
  password: 'ba919b831859e0d31052327845709b25e52c10b4',
  createdAt: 2020-12-09T13:04:34.819Z,
  updatedAt: 2020-12-09T13:04:34.819Z
}



info [Wed Dec 09 2020 18:44:33 GMT+0530 (India Standard Time)]  user logged in .. {
  _id: 5fd0cb6256887d7613a2823f,
  userType: 'endUser',
  IsAdmin: false,
  email: 'vinushamonteiro2016@gmail.com',
  name: 'Vinusha Monterio',
  Employee_code: 'MNG004',
  password: '641f227a056bcf4190068a7cc36e653ec03bcf6d',
  createdAt: 2020-12-09T13:04:34.819Z,
  updatedAt: 2020-12-09T13:04:34.819Z
}






info [Wed Dec 09 2020 20:27:35 GMT+0530 (India Standard Time)]  user logged in .. {
  _id: 5fd06e584b311e1b51d3110c,
  userType: 'Admin',
  IsAdmin: true,
  name: 'Winston Roy',
  email: 'pashanwinsty1998@gmail.com',
  Employee_code: 'AD002',
  password: '462b70460a4ff5a3df543fe3c61f6cd8cea8df7e',
  createdAt: 2020-12-09T06:27:36.304Z,
  updatedAt: 2020-12-09T12:48:44.916Z,
  token: '993da59b-f89f-4747-ae00-9cc04fe5fa87',
  tokenExpiry: 2020-12-09T13:48:44.915Z
}




info [Wed Dec 09 2020 20:42:11 GMT+0530 (India Standard Time)]  user logged in .. {
  _id: 5fd0e5fff349767fb94935ac,
  userType: 'endUser',
  IsAdmin: false,
  email: 'mail2winstonroy@yahoo.com',
  name: 'Roy pashan',
  Employee_code: 'MNG005',
  password: '193f52f83dbe8934fa0514ed14a2da704e9e9f76',
  createdAt: 2020-12-09T14:58:07.889Z,
  updatedAt: 2020-12-09T14:58:07.889Z
}










info [Wed Dec 09 2020 21:00:30 GMT+0530 (India Standard Time)]  user logged in .. {
  _id: 5fd0ebbd4d189708a7ab1438,
  userType: 'endUser',
  IsAdmin: false,
  email: 'mail2winstonroy@yahoo.com',
  name: 'Roy pashan',
  Employee_code: 'MNG005',
  password: 'c7877cd8c71898d558ca20ab1a76b54af463dabc',
  createdAt: 2020-12-09T15:22:37.708Z,
  updatedAt: 2020-12-09T15:22:37.708Z
}

info [Wed Dec 09 2020 21:03:59 GMT+0530 (India Standard Time)]  user logged in .. {
  _id: 5fd0ee4777f6de0b647fc597,
  userType: 'endUser',
  IsAdmin: false,
  email: 'mail2winstonroy@yahoo.com',
  name: 'Roy pashan',
  Employee_code: 'MNG005',
  password: '55b5e6a16c9d967d6072dd7fd283663a94d1e2e6',
  createdAt: 2020-12-09T15:33:27.845Z,
  updatedAt: 2020-12-09T15:33:27.845Z
}


info [Wed Dec 09 2020 21:08:03 GMT+0530 (India Standard Time)]  user logged in .. {
  _id: 5fd0ee4777f6de0b647fc596,
  userType: 'endUser',
  IsAdmin: false,
  email: 'vinushamonteiro2016@gmail.com',
  name: 'Vinusha Monterio',
  Employee_code: 'MNG004',
  password: '486889a2f7a83f5c8cda5accc7081bfe4a21ebe1',
  createdAt: 2020-12-09T15:33:27.844Z,
  updatedAt: 2020-12-09T15:33:27.844Z
}





info [Wed Dec 09 2020 21:33:46 GMT+0530 (India Standard Time)]  user logged in .. {
  _id: 5fd06e584b311e1b51d3110c,
  userType: 'Admin',
  IsAdmin: true,
  name: 'Winston Roy',
  email: 'pashanwinsty1998@gmail.com',
  Employee_code: 'AD002',
  password: '462b70460a4ff5a3df543fe3c61f6cd8cea8df7e',
  createdAt: 2020-12-09T06:27:36.304Z,
  updatedAt: 2020-12-09T14:57:35.868Z,
  token: 'd393117d-5d42-4a16-8d72-7db52c6628d2',
  tokenExpiry: 2020-12-09T15:57:35.866Z
}




info [Wed Dec 09 2020 22:10:34 GMT+0530 (India Standard Time)]  user logged in .. {
  _id: 5fd067617b264a1711cad359,
  userType: 'SuperAdmin',
  IsAdmin: false,
  name: 'Kevin',
  email: 'Kevin.123@99games.in',
  Employee_code: 'SA001',
  password: '31e39712d23cd369aa46d5aa476e7bd591848d7e',
  createdAt: 2020-12-09T05:57:53.097Z,
  updatedAt: 2020-12-09T06:26:42.583Z,
  token: '48cb17ca-aaad-4f3e-9c47-2fde7ebfab3c',
  tokenExpiry: 2020-12-09T07:26:42.582Z
}











info [Wed Dec 09 2020 22:33:43 GMT+0530 (India Standard Time)]  user logged in .. {
  _id: 5fd06e584b311e1b51d3110c,
  userType: 'Admin',
  IsAdmin: true,
  name: 'Winston Roy',
  email: 'pashanwinsty1998@gmail.com',
  Employee_code: 'AD002',
  password: '462b70460a4ff5a3df543fe3c61f6cd8cea8df7e',
  createdAt: 2020-12-09T06:27:36.304Z,
  updatedAt: 2020-12-09T16:03:46.995Z,
  token: '6523b74d-7c55-479e-ab28-cbd773c2f098',
  tokenExpiry: 2020-12-09T17:03:46.993Z
}





info [Thu Dec 10 2020 09:46:36 GMT+0530 (India Standard Time)]  user logged in .. {
  _id: 5fd06e584b311e1b51d3110c,
  userType: 'Admin',
  IsAdmin: true,
  name: 'Winston Roy',
  email: 'pashanwinsty1998@gmail.com',
  Employee_code: 'AD002',
  password: '462b70460a4ff5a3df543fe3c61f6cd8cea8df7e',
  createdAt: 2020-12-09T06:27:36.304Z,
  updatedAt: 2020-12-09T17:03:43.395Z,
  token: '19ac8f27-af5f-4dd0-ac7e-fec07521b1df',
  tokenExpiry: 2020-12-09T18:03:43.394Z
}






info [Thu Dec 10 2020 09:59:40 GMT+0530 (India Standard Time)]  user logged in .. {
  _id: 5fd06e584b311e1b51d3110c,
  userType: 'Admin',
  IsAdmin: true,
  name: 'Winston Roy',
  email: 'pashanwinsty1998@gmail.com',
  Employee_code: 'AD002',
  password: 'bebfa51272db59813f689192241116f07a6ce49c',
  createdAt: 2020-12-09T06:27:36.304Z,
  updatedAt: 2020-12-10T04:29:24.108Z,
  token: 'e71c1488-b60a-4acb-920e-9b7365e7e3ce',
  tokenExpiry: 2020-12-10T05:16:36.600Z
}

info [Thu Dec 10 2020 10:19:06 GMT+0530 (India Standard Time)]  user logged in .. {
  _id: 5fd06e584b311e1b51d3110c,
  userType: 'Admin',
  IsAdmin: true,
  name: 'Winston Roy',
  email: 'pashanwinsty1998@gmail.com',
  Employee_code: 'AD002',
  password: 'bebfa51272db59813f689192241116f07a6ce49c',
  createdAt: 2020-12-09T06:27:36.304Z,
  updatedAt: 2020-12-10T04:29:40.194Z,
  token: 'b22e134c-5727-426b-bb6e-51ca88f7dd90',
  tokenExpiry: 2020-12-10T05:29:40.194Z
}
































info [Thu Dec 10 2020 13:14:22 GMT+0530 (India Standard Time)]  user logged in .. {
  _id: 5fd06e584b311e1b51d3110c,
  userType: 'Admin',
  IsAdmin: true,
  name: 'Winston Roy',
  email: 'pashanwinsty1998@gmail.com',
  Employee_code: 'AD002',
  password: 'bebfa51272db59813f689192241116f07a6ce49c',
  createdAt: 2020-12-09T06:27:36.304Z,
  updatedAt: 2020-12-10T04:49:06.075Z,
  token: 'bb98a320-c3f2-4f0c-b91f-7b9aef83f86e',
  tokenExpiry: 2020-12-10T05:49:06.074Z
}
info [Thu Dec 10 2020 13:20:18 GMT+0530 (India Standard Time)]  user logged in .. {
  _id: 5fd06e584b311e1b51d3110c,
  userType: 'Admin',
  IsAdmin: true,
  name: 'Winston Roy',
  email: 'pashanwinsty1998@gmail.com',
  Employee_code: 'AD002',
  password: 'bebfa51272db59813f689192241116f07a6ce49c',
  createdAt: 2020-12-09T06:27:36.304Z,
  updatedAt: 2020-12-10T07:44:22.930Z,
  token: '120fd383-0ce2-451f-a3f6-58a44c9b5dd7',
  tokenExpiry: 2020-12-10T08:44:22.927Z
}




info [Thu Dec 10 2020 13:28:45 GMT+0530 (India Standard Time)]  user logged in .. {
  _id: 5fd06e584b311e1b51d3110c,
  userType: 'Admin',
  IsAdmin: true,
  name: 'Winston Roy',
  email: 'pashanwinsty1998@gmail.com',
  Employee_code: 'AD002',
  password: 'bebfa51272db59813f689192241116f07a6ce49c',
  createdAt: 2020-12-09T06:27:36.304Z,
  updatedAt: 2020-12-10T07:50:18.169Z,
  token: '2d06d723-e470-4b4e-bd6f-d65d5d8889e0',
  tokenExpiry: 2020-12-10T08:50:18.168Z
}

info [Thu Dec 10 2020 13:50:09 GMT+0530 (India Standard Time)]  user logged in .. {
  _id: 5fd06e584b311e1b51d3110c,
  userType: 'Admin',
  IsAdmin: true,
  name: 'Winston Roy',
  email: 'pashanwinsty1998@gmail.com',
  Employee_code: 'AD002',
  password: 'bebfa51272db59813f689192241116f07a6ce49c',
  createdAt: 2020-12-09T06:27:36.304Z,
  updatedAt: 2020-12-10T07:58:45.075Z,
  token: '9e7b59f2-2866-446c-8c55-d0edbb184016',
  tokenExpiry: 2020-12-10T08:58:45.074Z
}
info [Thu Dec 10 2020 13:51:25 GMT+0530 (India Standard Time)]  user logged in .. {
  _id: 5fd06e584b311e1b51d3110c,
  userType: 'Admin',
  IsAdmin: true,
  name: 'Winston Roy',
  email: 'pashanwinsty1998@gmail.com',
  Employee_code: 'AD002',
  password: 'bebfa51272db59813f689192241116f07a6ce49c',
  createdAt: 2020-12-09T06:27:36.304Z,
  updatedAt: 2020-12-10T08:20:09.205Z,
  token: 'ea51b505-652d-44a7-b543-66e8be5e8b6e',
  tokenExpiry: 2020-12-10T09:20:09.204Z
}
info [Thu Dec 10 2020 13:52:21 GMT+0530 (India Standard Time)]  user logged in .. {
  _id: 5fd06e584b311e1b51d3110c,
  userType: 'Admin',
  IsAdmin: true,
  name: 'Winston Roy',
  email: 'pashanwinsty1998@gmail.com',
  Employee_code: 'AD002',
  password: 'bebfa51272db59813f689192241116f07a6ce49c',
  createdAt: 2020-12-09T06:27:36.304Z,
  updatedAt: 2020-12-10T08:21:25.679Z,
  token: '07e4cdb9-6944-4210-8bf7-715d62ab0cf9',
  tokenExpiry: 2020-12-10T09:21:25.679Z
}
info [Thu Dec 10 2020 13:54:01 GMT+0530 (India Standard Time)]  user logged in .. {
  _id: 5fd067617b264a1711cad359,
  userType: 'SuperAdmin',
  IsAdmin: false,
  name: 'Kevin',
  email: 'Kevin.123@99games.in',
  Employee_code: 'SA001',
  password: '31e39712d23cd369aa46d5aa476e7bd591848d7e',
  createdAt: 2020-12-09T05:57:53.097Z,
  updatedAt: 2020-12-09T16:40:34.622Z,
  token: '5d0552d3-5ac9-44ce-ad6e-da96392859c2',
  tokenExpiry: 2020-12-09T17:40:34.621Z
}










info [Thu Dec 10 2020 15:56:06 GMT+0530 (India Standard Time)]  user logged in .. {
  _id: 5fd06e584b311e1b51d3110c,
  userType: 'Admin',
  IsAdmin: true,
  name: 'Winston Roy',
  email: 'pashanwinsty1998@gmail.com',
  Employee_code: 'AD002',
  password: 'bebfa51272db59813f689192241116f07a6ce49c',
  createdAt: 2020-12-09T06:27:36.304Z,
  updatedAt: 2020-12-10T08:22:21.659Z,
  token: 'af871e31-2a2b-45db-acfc-81a3a2567965',
  tokenExpiry: 2020-12-10T09:22:21.658Z
}








info [Thu Dec 10 2020 16:41:52 GMT+0530 (India Standard Time)]  user logged in .. {
  _id: 5fd06e584b311e1b51d3110c,
  userType: 'Admin',
  IsAdmin: true,
  name: 'Winston Roy',
  email: 'pashanwinsty1998@gmail.com',
  Employee_code: 'AD002',
  password: 'bebfa51272db59813f689192241116f07a6ce49c',
  createdAt: 2020-12-09T06:27:36.304Z,
  updatedAt: 2020-12-10T10:26:06.513Z,
  token: '274546f8-4791-4f26-824e-68a1abe1870f',
  tokenExpiry: 2020-12-10T11:26:06.511Z
}
info [Thu Dec 10 2020 16:43:28 GMT+0530 (India Standard Time)]  user logged in .. {
  _id: 5fd06e584b311e1b51d3110c,
  userType: 'Admin',
  IsAdmin: true,
  name: 'Winston Roy',
  email: 'pashanwinsty1998@gmail.com',
  Employee_code: 'AD002',
  password: 'bebfa51272db59813f689192241116f07a6ce49c',
  createdAt: 2020-12-09T06:27:36.304Z,
  updatedAt: 2020-12-10T11:11:52.934Z,
  token: 'af3438e0-d12d-4bc4-8fa7-cc03931f33a6',
  tokenExpiry: 2020-12-10T12:11:52.932Z
}




info [Thu Dec 10 2020 16:54:28 GMT+0530 (India Standard Time)]  user logged in .. {
  _id: 5fd06e584b311e1b51d3110c,
  userType: 'Admin',
  IsAdmin: true,
  name: 'Winston Roy',
  email: 'pashanwinsty1998@gmail.com',
  Employee_code: 'AD002',
  password: 'bebfa51272db59813f689192241116f07a6ce49c',
  createdAt: 2020-12-09T06:27:36.304Z,
  updatedAt: 2020-12-10T11:13:28.690Z,
  token: '4dfdf790-d72a-4286-9d0f-0d4808b654e2',
  tokenExpiry: 2020-12-10T12:13:28.689Z
}

info [Thu Dec 10 2020 16:57:08 GMT+0530 (India Standard Time)]  user logged in .. {
  _id: 5fd06e584b311e1b51d3110c,
  userType: 'Admin',
  IsAdmin: true,
  name: 'Winston Roy',
  email: 'pashanwinsty1998@gmail.com',
  Employee_code: 'AD002',
  password: 'bebfa51272db59813f689192241116f07a6ce49c',
  createdAt: 2020-12-09T06:27:36.304Z,
  updatedAt: 2020-12-10T11:24:28.801Z,
  token: 'e6c34c3d-6da9-41c9-9d90-4b19c35db466',
  tokenExpiry: 2020-12-10T12:24:28.800Z
}
info [Thu Dec 10 2020 16:57:54 GMT+0530 (India Standard Time)]  user logged in .. {
  _id: 5fd06e584b311e1b51d3110c,
  userType: 'Admin',
  IsAdmin: true,
  name: 'Winston Roy',
  email: 'pashanwinsty1998@gmail.com',
  Employee_code: 'AD002',
  password: 'bebfa51272db59813f689192241116f07a6ce49c',
  createdAt: 2020-12-09T06:27:36.304Z,
  updatedAt: 2020-12-10T11:27:08.287Z,
  token: '11c30077-67eb-433a-bfa7-65c4f2e45faa',
  tokenExpiry: 2020-12-10T12:27:08.286Z
}



info [Thu Dec 10 2020 17:08:15 GMT+0530 (India Standard Time)]  user logged in .. {
  _id: 5fd06e584b311e1b51d3110c,
  userType: 'Admin',
  IsAdmin: true,
  name: 'Winston Roy',
  email: 'pashanwinsty1998@gmail.com',
  Employee_code: 'AD002',
  password: 'bebfa51272db59813f689192241116f07a6ce49c',
  createdAt: 2020-12-09T06:27:36.304Z,
  updatedAt: 2020-12-10T11:27:54.120Z,
  token: '85859d89-e2c3-4c49-adb2-7104d39e4dc7',
  tokenExpiry: 2020-12-10T12:27:54.119Z
}


info [Thu Dec 10 2020 17:19:36 GMT+0530 (India Standard Time)]  user logged in .. {
  _id: 5fd06e584b311e1b51d3110c,
  userType: 'Admin',
  IsAdmin: true,
  name: 'Winston Roy',
  email: 'pashanwinsty1998@gmail.com',
  Employee_code: 'AD002',
  password: 'bebfa51272db59813f689192241116f07a6ce49c',
  createdAt: 2020-12-09T06:27:36.304Z,
  updatedAt: 2020-12-10T11:38:15.346Z,
  token: 'bda00d89-1541-4afd-a8fe-fe086fefa128',
  tokenExpiry: 2020-12-10T12:38:15.345Z
}

info [Thu Dec 10 2020 17:32:45 GMT+0530 (India Standard Time)]  user logged in .. {
  _id: 5fd06e584b311e1b51d3110c,
  userType: 'Admin',
  IsAdmin: true,
  name: 'Winston Roy',
  email: 'pashanwinsty1998@gmail.com',
  Employee_code: 'AD002',
  password: 'bebfa51272db59813f689192241116f07a6ce49c',
  createdAt: 2020-12-09T06:27:36.304Z,
  updatedAt: 2020-12-10T11:49:36.876Z,
  token: 'eed7f41c-165d-496c-834f-c3450b94e4a3',
  tokenExpiry: 2020-12-10T12:49:36.875Z
}


info [Thu Dec 10 2020 17:37:51 GMT+0530 (India Standard Time)]  user logged in .. {
  _id: 5fd06e584b311e1b51d3110c,
  userType: 'Admin',
  IsAdmin: true,
  name: 'Winston Roy',
  email: 'pashanwinsty1998@gmail.com',
  Employee_code: 'AD002',
  password: 'bebfa51272db59813f689192241116f07a6ce49c',
  createdAt: 2020-12-09T06:27:36.304Z,
  updatedAt: 2020-12-10T12:02:45.862Z,
  token: '89dfedfd-379e-4c0b-b3d9-252ba244cf17',
  tokenExpiry: 2020-12-10T13:02:45.860Z
}

info [Thu Dec 10 2020 17:47:59 GMT+0530 (India Standard Time)]  user logged in .. {
  _id: 5fd06e584b311e1b51d3110c,
  userType: 'Admin',
  IsAdmin: true,
  name: 'Winston Roy',
  email: 'pashanwinsty1998@gmail.com',
  Employee_code: 'AD002',
  password: 'bebfa51272db59813f689192241116f07a6ce49c',
  createdAt: 2020-12-09T06:27:36.304Z,
  updatedAt: 2020-12-10T12:07:51.301Z,
  token: '018b9fb5-e1c7-4422-b7f3-d3175e7e12fa',
  tokenExpiry: 2020-12-10T13:07:51.299Z
}
info [Thu Dec 10 2020 17:53:14 GMT+0530 (India Standard Time)]  user logged in .. {
  _id: 5fd06e584b311e1b51d3110c,
  userType: 'Admin',
  IsAdmin: true,
  name: 'Winston Roy',
  email: 'pashanwinsty1998@gmail.com',
  Employee_code: 'AD002',
  password: 'bebfa51272db59813f689192241116f07a6ce49c',
  createdAt: 2020-12-09T06:27:36.304Z,
  updatedAt: 2020-12-10T12:17:59.248Z,
  token: '3dc60045-9554-4e6d-8caf-627903e9b3ee',
  tokenExpiry: 2020-12-10T13:17:59.246Z
}


info [Thu Dec 10 2020 17:56:07 GMT+0530 (India Standard Time)]  user logged in .. {
  _id: 5fd06e584b311e1b51d3110c,
  userType: 'Admin',
  IsAdmin: true,
  name: 'Winston Roy',
  email: 'pashanwinsty1998@gmail.com',
  Employee_code: 'AD002',
  password: 'bebfa51272db59813f689192241116f07a6ce49c',
  createdAt: 2020-12-09T06:27:36.304Z,
  updatedAt: 2020-12-10T12:23:14.403Z,
  token: '97fd8c49-14f1-49c2-8b77-3a6589a32791',
  tokenExpiry: 2020-12-10T13:23:14.402Z
}




info [Thu Dec 10 2020 18:04:17 GMT+0530 (India Standard Time)]  user logged in .. {
  _id: 5fd06e584b311e1b51d3110c,
  userType: 'Admin',
  IsAdmin: true,
  name: 'Winston Roy',
  email: 'pashanwinsty1998@gmail.com',
  Employee_code: 'AD002',
  password: 'bebfa51272db59813f689192241116f07a6ce49c',
  createdAt: 2020-12-09T06:27:36.304Z,
  updatedAt: 2020-12-10T12:26:07.117Z,
  token: 'a89fa3eb-1ab3-4bfc-96b0-0ecd28018532',
  tokenExpiry: 2020-12-10T13:26:07.116Z
}




info [Thu Dec 10 2020 18:14:50 GMT+0530 (India Standard Time)]  user logged in .. {
  _id: 5fd06e584b311e1b51d3110c,
  userType: 'Admin',
  IsAdmin: true,
  name: 'Winston Roy',
  email: 'pashanwinsty1998@gmail.com',
  Employee_code: 'AD002',
  password: 'bebfa51272db59813f689192241116f07a6ce49c',
  createdAt: 2020-12-09T06:27:36.304Z,
  updatedAt: 2020-12-10T12:34:17.024Z,
  token: 'c63adb2a-8a78-4e47-ad33-fe17baaa9bcd',
  tokenExpiry: 2020-12-10T13:34:17.022Z
}



info [Thu Dec 10 2020 18:16:41 GMT+0530 (India Standard Time)]  user logged in .. null
info [Thu Dec 10 2020 18:16:49 GMT+0530 (India Standard Time)]  user logged in .. {
  _id: 5fd06e584b311e1b51d3110c,
  userType: 'Admin',
  IsAdmin: true,
  name: 'Winston Roy',
  email: 'pashanwinsty1998@gmail.com',
  Employee_code: 'AD002',
  password: 'bebfa51272db59813f689192241116f07a6ce49c',
  createdAt: 2020-12-09T06:27:36.304Z,
  updatedAt: 2020-12-10T12:44:50.581Z,
  token: '4a03d31a-417a-42d4-a4a1-ffa935a8ac30',
  tokenExpiry: 2020-12-10T13:44:50.579Z
}



info [Thu Dec 10 2020 18:21:55 GMT+0530 (India Standard Time)]  user logged in .. {
  _id: 5fd06e584b311e1b51d3110c,
  userType: 'Admin',
  IsAdmin: true,
  name: 'Winston Roy',
  email: 'pashanwinsty1998@gmail.com',
  Employee_code: 'AD002',
  password: 'bebfa51272db59813f689192241116f07a6ce49c',
  createdAt: 2020-12-09T06:27:36.304Z,
  updatedAt: 2020-12-10T12:46:49.007Z,
  token: 'cb19d47c-b1f7-4888-bce1-2360708d86f0',
  tokenExpiry: 2020-12-10T13:46:49.005Z
}

info [Thu Dec 10 2020 18:28:53 GMT+0530 (India Standard Time)]  user logged in .. {
  _id: 5fd06e584b311e1b51d3110c,
  userType: 'Admin',
  IsAdmin: true,
  name: 'Winston Roy',
  email: 'pashanwinsty1998@gmail.com',
  Employee_code: 'AD002',
  password: 'bebfa51272db59813f689192241116f07a6ce49c',
  createdAt: 2020-12-09T06:27:36.304Z,
  updatedAt: 2020-12-10T12:51:55.808Z,
  token: '3d7bb126-5bfa-4261-8253-139ef0c9e6c3',
  tokenExpiry: 2020-12-10T13:51:55.803Z
}
info [Thu Dec 10 2020 18:29:14 GMT+0530 (India Standard Time)]  user logged in .. {
  _id: 5fd06e584b311e1b51d3110c,
  userType: 'Admin',
  IsAdmin: true,
  name: 'Winston Roy',
  email: 'pashanwinsty1998@gmail.com',
  Employee_code: 'AD002',
  password: 'bebfa51272db59813f689192241116f07a6ce49c',
  createdAt: 2020-12-09T06:27:36.304Z,
  updatedAt: 2020-12-10T12:58:53.337Z,
  token: '3fbf0016-a501-498a-a133-6a62461bbecb',
  tokenExpiry: 2020-12-10T13:58:53.333Z
}


info [Thu Dec 10 2020 18:35:53 GMT+0530 (India Standard Time)]  user logged in .. {
  _id: 5fd06e584b311e1b51d3110c,
  userType: 'Admin',
  IsAdmin: true,
  name: 'Winston Roy',
  email: 'pashanwinsty1998@gmail.com',
  Employee_code: 'AD002',
  password: 'bebfa51272db59813f689192241116f07a6ce49c',
  createdAt: 2020-12-09T06:27:36.304Z,
  updatedAt: 2020-12-10T12:59:14.925Z,
  token: 'ad979f09-9e83-4f70-a2aa-f46409143943',
  tokenExpiry: 2020-12-10T13:59:14.925Z
}


info [Thu Dec 10 2020 18:39:37 GMT+0530 (India Standard Time)]  user logged in .. {
  _id: 5fd06e584b311e1b51d3110c,
  userType: 'Admin',
  IsAdmin: true,
  name: 'Winston Roy',
  email: 'pashanwinsty1998@gmail.com',
  Employee_code: 'AD002',
  password: 'bebfa51272db59813f689192241116f07a6ce49c',
  createdAt: 2020-12-09T06:27:36.304Z,
  updatedAt: 2020-12-10T13:05:53.180Z,
  token: '009f78a7-7823-4220-a83a-70f08c51870f',
  tokenExpiry: 2020-12-10T14:05:53.178Z
}


info [Thu Dec 10 2020 18:42:17 GMT+0530 (India Standard Time)]  user logged in .. {
  _id: 5fd06e584b311e1b51d3110c,
  userType: 'Admin',
  IsAdmin: true,
  name: 'Winston Roy',
  email: 'pashanwinsty1998@gmail.com',
  Employee_code: 'AD002',
  password: 'bebfa51272db59813f689192241116f07a6ce49c',
  createdAt: 2020-12-09T06:27:36.304Z,
  updatedAt: 2020-12-10T13:09:37.688Z,
  token: 'e0c534ea-20e4-45a0-99fa-47d1bbed3157',
  tokenExpiry: 2020-12-10T14:09:37.687Z
}


info [Thu Dec 10 2020 18:45:35 GMT+0530 (India Standard Time)]  user logged in .. {
  _id: 5fd06e584b311e1b51d3110c,
  userType: 'Admin',
  IsAdmin: true,
  name: 'Winston Roy',
  email: 'pashanwinsty1998@gmail.com',
  Employee_code: 'AD002',
  password: 'bebfa51272db59813f689192241116f07a6ce49c',
  createdAt: 2020-12-09T06:27:36.304Z,
  updatedAt: 2020-12-10T13:12:17.684Z,
  token: '8dce05e8-b070-49d1-b338-d4f14a292f32',
  tokenExpiry: 2020-12-10T14:12:17.683Z
}



info [Thu Dec 10 2020 18:48:24 GMT+0530 (India Standard Time)]  user logged in .. {
  _id: 5fd06e584b311e1b51d3110c,
  userType: 'Admin',
  IsAdmin: true,
  name: 'Winston Roy',
  email: 'pashanwinsty1998@gmail.com',
  Employee_code: 'AD002',
  password: 'bebfa51272db59813f689192241116f07a6ce49c',
  createdAt: 2020-12-09T06:27:36.304Z,
  updatedAt: 2020-12-10T13:15:35.141Z,
  token: '18d54810-0fc4-4a44-a254-f14896654b3d',
  tokenExpiry: 2020-12-10T14:15:35.140Z
}

info [Thu Dec 10 2020 18:52:45 GMT+0530 (India Standard Time)]  user logged in .. {
  _id: 5fd06e584b311e1b51d3110c,
  userType: 'Admin',
  IsAdmin: true,
  name: 'Winston Roy',
  email: 'pashanwinsty1998@gmail.com',
  Employee_code: 'AD002',
  password: 'bebfa51272db59813f689192241116f07a6ce49c',
  createdAt: 2020-12-09T06:27:36.304Z,
  updatedAt: 2020-12-10T13:18:24.658Z,
  token: '21b1f036-28f1-4d66-b1c3-06111357b9ca',
  tokenExpiry: 2020-12-10T14:18:24.657Z
}

info [Fri Dec 11 2020 10:00:56 GMT+0530 (India Standard Time)]  user logged in .. {
  _id: 5fd06e584b311e1b51d3110c,
  userType: 'Admin',
  IsAdmin: true,
  name: 'Winston Roy',
  email: 'pashanwinsty1998@gmail.com',
  Employee_code: 'AD002',
  password: 'bebfa51272db59813f689192241116f07a6ce49c',
  createdAt: 2020-12-09T06:27:36.304Z,
  updatedAt: 2020-12-10T13:22:45.808Z,
  token: 'cbbb4e05-f16b-41dd-9a3f-6d40b54fa7ef',
  tokenExpiry: 2020-12-10T14:22:45.807Z
}










info [Fri Dec 11 2020 11:03:00 GMT+0530 (India Standard Time)]  user logged in .. {
  _id: 5fd06e584b311e1b51d3110c,
  userType: 'Admin',
  IsAdmin: true,
  name: 'Winston Roy',
  email: 'pashanwinsty1998@gmail.com',
  Employee_code: 'AD002',
  password: 'bebfa51272db59813f689192241116f07a6ce49c',
  createdAt: 2020-12-09T06:27:36.304Z,
  updatedAt: 2020-12-11T04:30:56.152Z,
  token: 'd78a1436-30a2-4509-9d63-ffeabad06dcb',
  tokenExpiry: 2020-12-11T05:30:56.151Z
}
info [Fri Dec 11 2020 11:08:55 GMT+0530 (India Standard Time)]  user logged in .. {
  _id: 5fd06e584b311e1b51d3110c,
  userType: 'Admin',
  IsAdmin: true,
  name: 'Winston Roy',
  email: 'pashanwinsty1998@gmail.com',
  Employee_code: 'AD002',
  password: 'bebfa51272db59813f689192241116f07a6ce49c',
  createdAt: 2020-12-09T06:27:36.304Z,
  updatedAt: 2020-12-11T05:33:00.024Z,
  token: 'c7e460ef-aba2-4f17-b4fb-c7555e67f59c',
  tokenExpiry: 2020-12-11T06:33:00.023Z
}





info [Fri Dec 11 2020 11:43:20 GMT+0530 (India Standard Time)]  user logged in .. {
  _id: 5fd06e584b311e1b51d3110c,
  userType: 'Admin',
  IsAdmin: true,
  name: 'Winston Roy',
  email: 'pashanwinsty1998@gmail.com',
  Employee_code: 'AD002',
  password: 'bebfa51272db59813f689192241116f07a6ce49c',
  createdAt: 2020-12-09T06:27:36.304Z,
  updatedAt: 2020-12-11T05:38:55.889Z,
  token: '935f1bf9-3f8e-44ad-bf61-4c0b0adb410d',
  tokenExpiry: 2020-12-11T06:38:55.889Z
}




info [Fri Dec 11 2020 12:45:41 GMT+0530 (India Standard Time)]  user logged in .. {
  _id: 5fd06e584b311e1b51d3110c,
  userType: 'Admin',
  IsAdmin: true,
  name: 'Winston Roy',
  email: 'pashanwinsty1998@gmail.com',
  Employee_code: 'AD002',
  password: 'bebfa51272db59813f689192241116f07a6ce49c',
  createdAt: 2020-12-09T06:27:36.304Z,
  updatedAt: 2020-12-11T06:13:20.875Z,
  token: 'b87b84aa-4b69-4cf9-9a0c-b6dc63024bbf',
  tokenExpiry: 2020-12-11T07:13:20.874Z
}















info [Fri Dec 11 2020 13:57:34 GMT+0530 (India Standard Time)]  user logged in .. {
  _id: 5fd06e584b311e1b51d3110c,
  userType: 'Admin',
  IsAdmin: true,
  name: 'Winston Roy',
  email: 'pashanwinsty1998@gmail.com',
  Employee_code: 'AD002',
  password: 'bebfa51272db59813f689192241116f07a6ce49c',
  createdAt: 2020-12-09T06:27:36.304Z,
  updatedAt: 2020-12-11T07:15:41.607Z,
  token: 'c83bb321-7742-43af-82ec-4a748ed818e3',
  tokenExpiry: 2020-12-11T08:15:41.605Z
}
















































info [Fri Dec 11 2020 15:59:38 GMT+0530 (India Standard Time)]  user logged in .. {
  _id: 5fd06e584b311e1b51d3110c,
  userType: 'Admin',
  IsAdmin: true,
  name: 'Winston Roy',
  email: 'pashanwinsty1998@gmail.com',
  Employee_code: 'AD002',
  password: 'bebfa51272db59813f689192241116f07a6ce49c',
  createdAt: 2020-12-09T06:27:36.304Z,
  updatedAt: 2020-12-11T08:27:34.220Z,
  token: '1ab6b6a8-8b49-4e79-9528-420967466742',
  tokenExpiry: 2020-12-11T09:27:34.218Z
}

info [Fri Dec 11 2020 16:17:38 GMT+0530 (India Standard Time)]  user logged in .. {
  _id: 5fd06e584b311e1b51d3110c,
  userType: 'Admin',
  IsAdmin: true,
  name: 'Winston Roy',
  email: 'pashanwinsty1998@gmail.com',
  Employee_code: 'AD002',
  password: 'bebfa51272db59813f689192241116f07a6ce49c',
  createdAt: 2020-12-09T06:27:36.304Z,
  updatedAt: 2020-12-11T10:29:38.133Z,
  token: '51e44c41-14f4-4978-ba12-99d8e93a28c2',
  tokenExpiry: 2020-12-11T11:29:38.132Z
}






