



info [Thu Dec 03 2020 12:42:54 GMT+0530 (India Standard Time)]  user added.. {
  _id: 5fc88ff6c465992a58c513e8,
  name: 'Winston',
  email: 'winston@123gmail.com',
  gender: 'male',
  phone: '9900296704',
  Employee_code: 'MNG001',
  userType: 'superadmin',
  username: 'roywin',
  password: '4894b807b6e1155e7f0b212de702e8f5bcad0eac',
  profilePic: 'vtu_pic_50.jpg',
  createdAt: 2020-12-03T07:12:54.032Z,
  updatedAt: 2020-12-03T07:12:54.032Z,
  __v: 0
}
info [Thu Dec 03 2020 12:43:30 GMT+0530 (India Standard Time)]  user added.. {
  _id: 5fc8901ac465992a58c513e9,
  name: 'Winston',
  email: 'winston@123gmail.com',
  gender: 'male',
  phone: '9900296704',
  Employee_code: 'MNG001',
  userType: 'superadmin',
  username: 'roywin',
  password: '4894b807b6e1155e7f0b212de702e8f5bcad0eac',
  profilePic: 'vtu_pic_50.jpg',
  createdAt: 2020-12-03T07:13:30.729Z,
  updatedAt: 2020-12-03T07:13:30.729Z,
  __v: 0
}

info [Thu Dec 03 2020 12:50:00 GMT+0530 (India Standard Time)]  user added.. {
  _id: 5fc891a05994892bd5800608,
  name: 'Winston',
  email: 'winston@123gmail.com',
  gender: 'male',
  phone: '9900296704',
  Employee_code: 'MNG001',
  userType: 'superadmin',
  username: 'roywin',
  password: '4894b807b6e1155e7f0b212de702e8f5bcad0eac',
  profilePic: 'vtu_pic_50.jpg',
  createdAt: 2020-12-03T07:20:00.630Z,
  updatedAt: 2020-12-03T07:20:00.630Z,
  __v: 0
}
info [Thu Dec 03 2020 12:51:57 GMT+0530 (India Standard Time)]  user added.. {
  _id: 5fc892155994892bd5800609,
  name: 'Winston',
  email: 'winston@123gmail.com',
  gender: 'male',
  phone: '9900296704',
  Employee_code: 'MNG001',
  userType: 'superadmin',
  username: 'roywin',
  password: '4894b807b6e1155e7f0b212de702e8f5bcad0eac',
  createdAt: 2020-12-03T07:21:57.500Z,
  updatedAt: 2020-12-03T07:21:57.500Z,
  __v: 0
}
info [Thu Dec 03 2020 12:52:26 GMT+0530 (India Standard Time)]  user added.. {
  _id: 5fc892325994892bd580060a,
  name: 'Winston',
  email: 'winston@123gmail.com',
  gender: 'male',
  phone: '9900296704',
  Employee_code: 'MNG001',
  userType: 'superadmin',
  username: 'roywin',
  password: '4894b807b6e1155e7f0b212de702e8f5bcad0eac',
  profilePic: 'winston.jpg',
  createdAt: 2020-12-03T07:22:26.432Z,
  updatedAt: 2020-12-03T07:22:26.432Z,
  __v: 0
}

info [Thu Dec 03 2020 13:01:12 GMT+0530 (India Standard Time)]  *********
info [Thu Dec 03 2020 13:01:12 GMT+0530 (India Standard Time)]  ----data [ { _id: null, count: 1 } ]
info [Thu Dec 03 2020 13:01:39 GMT+0530 (India Standard Time)]  *********
info [Thu Dec 03 2020 13:01:39 GMT+0530 (India Standard Time)]  ----data [ { _id: null, count: 1 } ]
info [Thu Dec 03 2020 13:02:22 GMT+0530 (India Standard Time)]  user added.. {
  _id: 5fc894863f64912d63f713ba,
  name: 'Winston roy pasahn',
  email: 'winston12@123gmail.com',
  gender: 'male',
  phone: '9900296705',
  Employee_code: 'MNG001',
  userType: 'superadmin',
  username: 'roywin',
  password: '4894b807b6e1155e7f0b212de702e8f5bcad0eac',
  profilePic: 'winston.jpg',
  createdAt: 2020-12-03T07:32:22.702Z,
  updatedAt: 2020-12-03T07:32:22.702Z,
  __v: 0
}
info [Thu Dec 03 2020 13:03:03 GMT+0530 (India Standard Time)]  *********
info [Thu Dec 03 2020 13:03:03 GMT+0530 (India Standard Time)]  ----data [ { _id: null, count: 1 } ]




info [Thu Dec 03 2020 15:01:09 GMT+0530 (India Standard Time)]  ----data [ { _id: null, count: 1 } ]

info [Thu Dec 03 2020 15:01:38 GMT+0530 (India Standard Time)]  ----data [ { _id: 'Winston roy', count: 1 } ]


info [Thu Dec 03 2020 15:24:59 GMT+0530 (India Standard Time)]  user logged in .. {
  _id: 5fc892325994892bd580060a,
  name: 'Winston roy',
  email: 'winston@123gmail.com',
  gender: 'male',
  phone: '9900296704',
  Employee_code: 'MNG001',
  userType: 'superadmin',
  username: 'roywin',
  password: '4894b807b6e1155e7f0b212de702e8f5bcad0eac',
  profilePic: 'winston.jpg',
  createdAt: 2020-12-03T07:22:26.432Z,
  updatedAt: 2020-12-03T07:54:26.806Z,
  token: '05f0e187-5e03-429a-8f3c-9fdc3e0c922f',
  tokenExpiry: 2020-12-03T08:54:26.805Z
}

info [Thu Dec 03 2020 15:28:05 GMT+0530 (India Standard Time)]  user logged in .. null
info [Thu Dec 03 2020 15:28:13 GMT+0530 (India Standard Time)]  user logged in .. {
  _id: 5fc892325994892bd580060a,
  name: 'Winston roy',
  email: 'winston@123gmail.com',
  gender: 'male',
  phone: '9900296704',
  Employee_code: 'MNG001',
  userType: 'superadmin',
  username: 'roywin',
  password: '1ff2cb556c2c28839bba90a5e7bf7bda9f0081ca',
  profilePic: 'winston.jpg',
  createdAt: 2020-12-03T07:22:26.432Z,
  updatedAt: 2020-12-03T09:57:57.597Z,
  token: 'e6ecd118-3ee8-4b1a-b1e6-7a03a5adbc3b',
  tokenExpiry: 2020-12-03T10:54:59.257Z
}
